[0m2021.12.06 08:54:47 INFO  Started: Metals version 0.10.9 in workspace '/Users/tackerson/Projects/advent-of-code' for client Visual Studio Code 1.62.3.[0m
[0m2021.12.06 08:54:51 INFO  time: initialize in 4.74s[0m
[0m2021.12.06 08:54:52 WARN  Build server is not auto-connectable.[0m
[0m2021.12.06 08:54:52 WARN  no build tool detected in workspace '/Users/tackerson/Projects/advent-of-code'. The most common cause for this problem is that the editor was opened in the wrong working directory, for example if you use sbt then the workspace directory should contain build.sbt. [0m
[0m2021.12.06 08:55:09 INFO  no build target: using presentation compiler with only scala-library: 3.1.0[0m
Dec 06, 2021 8:55:12 AM org.eclipse.lsp4j.jsonrpc.RemoteEndpoint handleNotification
WARNING: Notification threw an exception: {
  "jsonrpc": "2.0",
  "method": "textDocument/didOpen",
  "params": {
    "textDocument": {
      "uri": "file:///Users/tackerson/Projects/advent-of-code/day1/day1.worksheet.sc",
      "languageId": "scala",
      "version": 1,
      "text": ""
    }
  }
}
java.lang.RuntimeException: java.lang.reflect.InvocationTargetException
	at org.eclipse.lsp4j.jsonrpc.services.GenericEndpoint.lambda$null$0(GenericEndpoint.java:67)
	at org.eclipse.lsp4j.jsonrpc.services.GenericEndpoint.notify(GenericEndpoint.java:152)
	at org.eclipse.lsp4j.jsonrpc.RemoteEndpoint.handleNotification(RemoteEndpoint.java:220)
	at org.eclipse.lsp4j.jsonrpc.RemoteEndpoint.consume(RemoteEndpoint.java:187)
	at org.eclipse.lsp4j.jsonrpc.json.StreamMessageProducer.handleMessage(StreamMessageProducer.java:194)
	at org.eclipse.lsp4j.jsonrpc.json.StreamMessageProducer.listen(StreamMessageProducer.java:94)
	at org.eclipse.lsp4j.jsonrpc.json.ConcurrentMessageProcessor.run(ConcurrentMessageProcessor.java:113)
	at java.base/java.util.concurrent.Executors$RunnableAdapter.call(Executors.java:515)
	at java.base/java.util.concurrent.FutureTask.run(FutureTask.java:264)
	at java.base/java.util.concurrent.ThreadPoolExecutor.runWorker(ThreadPoolExecutor.java:1128)
	at java.base/java.util.concurrent.ThreadPoolExecutor$Worker.run(ThreadPoolExecutor.java:628)
	at java.base/java.lang.Thread.run(Thread.java:834)
Caused by: java.lang.reflect.InvocationTargetException
	at java.base/jdk.internal.reflect.NativeMethodAccessorImpl.invoke0(Native Method)
	at java.base/jdk.internal.reflect.NativeMethodAccessorImpl.invoke(NativeMethodAccessorImpl.java:62)
	at java.base/jdk.internal.reflect.DelegatingMethodAccessorImpl.invoke(DelegatingMethodAccessorImpl.java:43)
	at java.base/java.lang.reflect.Method.invoke(Method.java:566)
	at org.eclipse.lsp4j.jsonrpc.services.GenericEndpoint.lambda$null$0(GenericEndpoint.java:65)
	... 11 more
Caused by: java.nio.file.NoSuchFileException: /Users/tackerson/Projects/advent-of-code/day1/day1.worksheet.sc
	at java.base/sun.nio.fs.UnixException.translateToIOException(UnixException.java:92)
	at java.base/sun.nio.fs.UnixException.rethrowAsIOException(UnixException.java:111)
	at java.base/sun.nio.fs.UnixException.rethrowAsIOException(UnixException.java:116)
	at java.base/sun.nio.fs.UnixFileSystemProvider.newByteChannel(UnixFileSystemProvider.java:215)
	at java.base/java.nio.file.Files.newByteChannel(Files.java:370)
	at java.base/java.nio.file.Files.newByteChannel(Files.java:421)
	at java.base/java.nio.file.Files.readAllBytes(Files.java:3205)
	at scala.meta.internal.io.PlatformFileIO$.slurp(PlatformFileIO.scala:45)
	at scala.meta.internal.io.FileIO$.slurp(FileIO.scala:24)
	at scala.meta.internal.metals.MetalsLanguageServer.didOpen(MetalsLanguageServer.scala:996)
	... 16 more

Dec 06, 2021 8:55:13 AM org.eclipse.lsp4j.jsonrpc.RemoteEndpoint handleCancellation
WARNING: Unmatched cancel notification for request id 5
Dec 06, 2021 8:55:13 AM org.eclipse.lsp4j.jsonrpc.RemoteEndpoint handleCancellation
WARNING: Unmatched cancel notification for request id 4
[0m2021.12.06 08:55:21 ERROR text document: file:///Users/tackerson/Projects/advent-of-code/day1/day1.worksheet.sc
java.nio.file.NoSuchFileException: /Users/tackerson/Projects/advent-of-code/day1/day1.worksheet.sc
	at sun.nio.fs.UnixException.translateToIOException(UnixException.java:92)
	at sun.nio.fs.UnixException.rethrowAsIOException(UnixException.java:111)
	at sun.nio.fs.UnixException.rethrowAsIOException(UnixException.java:116)
	at sun.nio.fs.UnixFileSystemProvider.newByteChannel(UnixFileSystemProvider.java:215)
	at java.nio.file.Files.newByteChannel(Files.java:370)
	at java.nio.file.Files.newByteChannel(Files.java:421)
	at java.nio.file.Files.readAllBytes(Files.java:3205)
	at scala.meta.internal.io.PlatformFileIO$.slurp(PlatformFileIO.scala:45)
	at scala.meta.internal.io.FileIO$.slurp(FileIO.scala:24)
	at scala.meta.internal.metals.InteractiveSemanticdbs.$anonfun$textDocument$2(InteractiveSemanticdbs.scala:88)
	at scala.Option.getOrElse(Option.scala:189)
	at scala.meta.internal.metals.InteractiveSemanticdbs.$anonfun$textDocument$1(InteractiveSemanticdbs.scala:88)
	at java.util.HashMap.compute(HashMap.java:1228)
	at java.util.Collections$SynchronizedMap.compute(Collections.java:2690)
	at scala.meta.internal.metals.InteractiveSemanticdbs.textDocument(InteractiveSemanticdbs.scala:87)
	at scala.meta.internal.metals.InteractiveSemanticdbs.textDocument(InteractiveSemanticdbs.scala:61)
	at scala.meta.internal.metals.AggregateSemanticdbs.loop$1(AggregateSemanticdbs.scala:30)
	at scala.meta.internal.metals.AggregateSemanticdbs.textDocument(AggregateSemanticdbs.scala:36)
	at scala.meta.internal.metals.CodeLensProvider.findLenses(CodeLensProvider.scala:22)
	at scala.meta.internal.metals.MetalsLanguageServer.$anonfun$codeLens$2(MetalsLanguageServer.scala:1568)
	at scala.meta.internal.metals.TimerProvider.timedThunk(TimerProvider.scala:25)
	at scala.meta.internal.metals.MetalsLanguageServer.$anonfun$codeLens$1(MetalsLanguageServer.scala:1566)
	at scala.meta.internal.metals.CancelTokens$.$anonfun$apply$2(CancelTokens.scala:26)
	at scala.concurrent.Future$.$anonfun$apply$1(Future.scala:659)
	at scala.util.Success.$anonfun$map$1(Try.scala:255)
	at scala.util.Success.map(Try.scala:213)
	at scala.concurrent.Future.$anonfun$map$1(Future.scala:292)
	at scala.concurrent.impl.Promise.liftedTree1$1(Promise.scala:33)
	at scala.concurrent.impl.Promise.$anonfun$transform$1(Promise.scala:33)
	at scala.concurrent.impl.CallbackRunnable.run(Promise.scala:64)
	at java.util.concurrent.ThreadPoolExecutor.runWorker(ThreadPoolExecutor.java:1128)
	at java.util.concurrent.ThreadPoolExecutor$Worker.run(ThreadPoolExecutor.java:628)
	at java.lang.Thread.run(Thread.java:834)
[0m
[0m2021.12.06 08:55:21 INFO  time: code lens generation in 27s[0m
[0m2021.12.06 08:55:21 INFO  time: code lens generation in 8.47s[0m
[0m2021.12.06 08:55:21 INFO  time: code lens generation in 8.5s[0m
[0m2021.12.06 08:55:23 INFO  no build target: using presentation compiler with only scala-library: 3.1.0[0m
[0m2021.12.06 08:55:23 INFO  time: evaluated worksheet 'day1.worksheet.sc' in 30s[0m
[0m2021.12.06 08:55:26 INFO  time: evaluated worksheet 'day1.worksheet.sc' in 2.52s[0m
Dec 06, 2021 8:55:26 AM org.eclipse.lsp4j.jsonrpc.RemoteEndpoint fallbackResponseError
SEVERE: Internal error: java.lang.reflect.InvocationTargetException
java.lang.RuntimeException: java.lang.reflect.InvocationTargetException
	at org.eclipse.lsp4j.jsonrpc.services.GenericEndpoint.lambda$null$0(GenericEndpoint.java:67)
	at org.eclipse.lsp4j.jsonrpc.services.GenericEndpoint.request(GenericEndpoint.java:120)
	at org.eclipse.lsp4j.jsonrpc.RemoteEndpoint.handleRequest(RemoteEndpoint.java:261)
	at org.eclipse.lsp4j.jsonrpc.RemoteEndpoint.consume(RemoteEndpoint.java:190)
	at org.eclipse.lsp4j.jsonrpc.json.StreamMessageProducer.handleMessage(StreamMessageProducer.java:194)
	at org.eclipse.lsp4j.jsonrpc.json.StreamMessageProducer.listen(StreamMessageProducer.java:94)
	at org.eclipse.lsp4j.jsonrpc.json.ConcurrentMessageProcessor.run(ConcurrentMessageProcessor.java:113)
	at java.base/java.util.concurrent.Executors$RunnableAdapter.call(Executors.java:515)
	at java.base/java.util.concurrent.FutureTask.run(FutureTask.java:264)
	at java.base/java.util.concurrent.ThreadPoolExecutor.runWorker(ThreadPoolExecutor.java:1128)
	at java.base/java.util.concurrent.ThreadPoolExecutor$Worker.run(ThreadPoolExecutor.java:628)
	at java.base/java.lang.Thread.run(Thread.java:834)
Caused by: java.lang.reflect.InvocationTargetException
	at java.base/jdk.internal.reflect.NativeMethodAccessorImpl.invoke0(Native Method)
	at java.base/jdk.internal.reflect.NativeMethodAccessorImpl.invoke(NativeMethodAccessorImpl.java:62)
	at java.base/jdk.internal.reflect.DelegatingMethodAccessorImpl.invoke(DelegatingMethodAccessorImpl.java:43)
	at java.base/java.lang.reflect.Method.invoke(Method.java:566)
	at org.eclipse.lsp4j.jsonrpc.services.GenericEndpoint.lambda$null$0(GenericEndpoint.java:65)
	... 11 more
Caused by: java.lang.IllegalArgumentException: 1999 is not a valid line number, allowed [0..0]
	at scala.meta.internal.inputs.InternalInput.lineToOffset(InternalInput.scala:37)
	at scala.meta.internal.inputs.InternalInput.lineToOffset$(InternalInput.scala:32)
	at scala.meta.inputs.Input$VirtualFile.lineToOffset(Input.scala:80)
	at scala.meta.inputs.Position$Range$.apply(Position.scala:59)
	at scala.meta.internal.mtags.MtagsEnrichments$XtensionPositionLspInverse.toMeta(MtagsEnrichments.scala:133)
	at scala.meta.internal.parsing.Trees.$anonfun$findLastEnclosingAt$4(Trees.scala:77)
	at scala.Option.flatMap(Option.scala:271)
	at scala.meta.internal.parsing.Trees.findLastEnclosingAt(Trees.scala:76)
	at scala.meta.internal.metals.codeactions.PatternMatchRefactor.contribute(PatternMatchRefactor.scala:96)
	at scala.meta.internal.metals.CodeActionProvider$$anonfun$1.applyOrElse(CodeActionProvider.scala:62)
	at scala.meta.internal.metals.CodeActionProvider$$anonfun$1.applyOrElse(CodeActionProvider.scala:61)
	at scala.collection.immutable.List.collect(List.scala:323)
	at scala.meta.internal.metals.CodeActionProvider.codeActions(CodeActionProvider.scala:61)
	at scala.meta.internal.metals.MetalsLanguageServer.$anonfun$codeAction$1(MetalsLanguageServer.scala:1555)
	at scala.meta.internal.metals.CancelTokens$.future(CancelTokens.scala:38)
	at scala.meta.internal.metals.MetalsLanguageServer.codeAction(MetalsLanguageServer.scala:1554)
	... 16 more

[0m2021.12.06 08:55:27 INFO  time: evaluated worksheet 'day1.worksheet.sc' in 1.52s[0m
Default dialect is deprecated; use explicit: [Scala211,scala212,Scala212Source3,scala213,Scala213Source3,Sbt0137,Sbt1,scala3]
Also see https://scalameta.org/scalafmt/docs/configuration.html#scala-dialects"
Dec 06, 2021 8:55:42 AM org.eclipse.lsp4j.jsonrpc.RemoteEndpoint handleNotification
WARNING: Notification threw an exception: {
  "jsonrpc": "2.0",
  "method": "workspace/didChangeWatchedFiles",
  "params": {
    "changes": [
      {
        "uri": "file:///Users/tackerson/Projects/advent-of-code/day1.worksheet.sc",
        "type": 3
      }
    ]
  }
}
java.lang.RuntimeException: java.lang.reflect.InvocationTargetException
	at org.eclipse.lsp4j.jsonrpc.services.GenericEndpoint.lambda$null$0(GenericEndpoint.java:67)
	at org.eclipse.lsp4j.jsonrpc.services.GenericEndpoint.notify(GenericEndpoint.java:152)
	at org.eclipse.lsp4j.jsonrpc.RemoteEndpoint.handleNotification(RemoteEndpoint.java:220)
	at org.eclipse.lsp4j.jsonrpc.RemoteEndpoint.consume(RemoteEndpoint.java:187)
	at org.eclipse.lsp4j.jsonrpc.json.StreamMessageProducer.handleMessage(StreamMessageProducer.java:194)
	at org.eclipse.lsp4j.jsonrpc.json.StreamMessageProducer.listen(StreamMessageProducer.java:94)
	at org.eclipse.lsp4j.jsonrpc.json.ConcurrentMessageProcessor.run(ConcurrentMessageProcessor.java:113)
	at java.base/java.util.concurrent.Executors$RunnableAdapter.call(Executors.java:515)
	at java.base/java.util.concurrent.FutureTask.run(FutureTask.java:264)
	at java.base/java.util.concurrent.ThreadPoolExecutor.runWorker(ThreadPoolExecutor.java:1128)
	at java.base/java.util.concurrent.ThreadPoolExecutor$Worker.run(ThreadPoolExecutor.java:628)
	at java.base/java.lang.Thread.run(Thread.java:834)
Caused by: java.lang.reflect.InvocationTargetException
	at java.base/jdk.internal.reflect.NativeMethodAccessorImpl.invoke0(Native Method)
	at java.base/jdk.internal.reflect.NativeMethodAccessorImpl.invoke(NativeMethodAccessorImpl.java:62)
	at java.base/jdk.internal.reflect.DelegatingMethodAccessorImpl.invoke(DelegatingMethodAccessorImpl.java:43)
	at java.base/java.lang.reflect.Method.invoke(Method.java:566)
	at org.eclipse.lsp4j.jsonrpc.services.GenericEndpoint.lambda$null$0(GenericEndpoint.java:65)
	... 11 more
Caused by: java.nio.file.NoSuchFileException: /Users/tackerson/Projects/advent-of-code/day1.worksheet.sc
	at java.base/sun.nio.fs.UnixException.translateToIOException(UnixException.java:92)
	at java.base/sun.nio.fs.UnixException.rethrowAsIOException(UnixException.java:111)
	at java.base/sun.nio.fs.UnixException.rethrowAsIOException(UnixException.java:116)
	at java.base/sun.nio.fs.UnixFileSystemProvider.newByteChannel(UnixFileSystemProvider.java:215)
	at java.base/java.nio.file.Files.newByteChannel(Files.java:370)
	at java.base/java.nio.file.Files.newByteChannel(Files.java:421)
	at java.base/java.nio.file.Files.readAllBytes(Files.java:3205)
	at scala.meta.internal.io.PlatformFileIO$.slurp(PlatformFileIO.scala:45)
	at scala.meta.internal.io.FileIO$.slurp(FileIO.scala:24)
	at scala.meta.internal.metals.MetalsLanguageServer.$anonfun$onChange$1(MetalsLanguageServer.scala:1338)
	at scala.meta.internal.metals.MetalsLanguageServer.$anonfun$onChange$1$adapted(MetalsLanguageServer.scala:1337)
	at scala.collection.immutable.Stream.foreach(Stream.scala:533)
	at scala.meta.internal.metals.MetalsLanguageServer.onChange(MetalsLanguageServer.scala:1337)
	at scala.meta.internal.metals.MetalsLanguageServer.didChangeWatchedFiles(MetalsLanguageServer.scala:1281)
	... 16 more

[0m2021.12.06 08:56:55 INFO  time: code lens generation in 2.43s[0m
[0m2021.12.06 08:56:55 INFO  time: code lens generation in 1.95s[0m
[0m2021.12.06 08:56:55 INFO  time: code lens generation in 3.12s[0m
[0m2021.12.06 08:57:23 INFO  time: code lens generation in 1.85s[0m
[0m2021.12.06 08:57:23 INFO  time: code lens generation in 6s[0m
[0m2021.12.06 08:57:23 INFO  time: code lens generation in 5.37s[0m
[0m2021.12.06 08:57:59 INFO  time: evaluated worksheet 'day1.worksheet.sc' in 2m23s[0m
[0m2021.12.06 08:57:59 WARN  thread interrupt: Evaluating Worksheet day1.worksheet.sc[0m
[0m2021.12.06 08:58:02 WARN  thread stop: Evaluating Worksheet day1.worksheet.sc[0m
[0m2021.12.06 08:58:02 ERROR worksheet: /Users/tackerson/Projects/advent-of-code/day1.worksheet.sc
java.lang.ThreadDeath
	at java.lang.Thread.stop(Thread.java:942)
	at scala.meta.internal.worksheets.WorksheetProvider$$anon$2.run(WorksheetProvider.scala:303)
	at java.util.concurrent.Executors$RunnableAdapter.call(Executors.java:515)
	at java.util.concurrent.FutureTask.run(FutureTask.java:264)
	at java.util.concurrent.ScheduledThreadPoolExecutor$ScheduledFutureTask.run(ScheduledThreadPoolExecutor.java:304)
	at java.util.concurrent.ThreadPoolExecutor.runWorker(ThreadPoolExecutor.java:1128)
	at java.util.concurrent.ThreadPoolExecutor$Worker.run(ThreadPoolExecutor.java:628)
	at java.lang.Thread.run(Thread.java:834)
[0m
[31merror[39m: day1/day1.worksheet.sc:1:13: 
Not found: Source
val lines = Source.fromFile("./input.txt").getLines.toList
            ^^^^^^
[0m2021.12.06 08:58:06 INFO  no build target: using presentation compiler with only scala-library: 3.1.0[0m
[0m2021.12.06 08:58:06 INFO  time: evaluated worksheet 'day1.worksheet.sc' in 4.32s[0m
[31merror[39m: day1/day1.worksheet.sc:1:13: 
Not found: Source
val lines = Source.fromFile("./input.txt").getLines.toList
            ^^^^^^
[0m2021.12.06 08:58:06 INFO  time: evaluated worksheet 'day1.worksheet.sc' in 0.4s[0m
[31merror[39m: day1/day1.worksheet.sc:1:13: 
Not found: Source
val lines = Source.fromFile("./input.txt").getLines.toList
            ^^^^^^
[0m2021.12.06 08:58:07 INFO  time: evaluated worksheet 'day1.worksheet.sc' in 0.3s[0m
[31merror[39m: day1/day1.worksheet.sc:1:13: 
Not found: Source
val lines = Source.fromFile("./input.txt").getLines.toList
            ^^^^^^
[0m2021.12.06 08:58:07 INFO  time: evaluated worksheet 'day1.worksheet.sc' in 0.34s[0m
[31merror[39m: day1/day1.worksheet.sc:1:13: 
Not found: Source
val lines = Source.fromFile("./input.txt").getLines.toList
            ^^^^^^
[0m2021.12.06 08:58:07 INFO  time: evaluated worksheet 'day1.worksheet.sc' in 0.24s[0m
[31merror[39m: day1/day1.worksheet.sc:1:13: 
Not found: Source
val lines = Source.fromFile("./input.txt").getLines.toList
            ^^^^^^
[0m2021.12.06 08:58:07 INFO  time: evaluated worksheet 'day1.worksheet.sc' in 0.28s[0m
[31merror[39m: day1/day1.worksheet.sc:1:13: 
Not found: Source
val lines = Source.fromFile("./input.txt").getLines.toList
            ^^^^^^
[0m2021.12.06 08:58:07 INFO  time: evaluated worksheet 'day1.worksheet.sc' in 0.25s[0m
[31merror[39m: day1/day1.worksheet.sc:1:13: 
Not found: Source
val lines = Source.fromFile("./input.txt").getLines.toList
            ^^^^^^
[0m2021.12.06 08:58:08 INFO  time: evaluated worksheet 'day1.worksheet.sc' in 0.22s[0m
[31merror[39m: day1/day1.worksheet.sc:1:13: 
Not found: Source
val lines = Source.fromFile("./input.txt").getLines.toList
            ^^^^^^
[0m2021.12.06 08:58:08 INFO  time: evaluated worksheet 'day1.worksheet.sc' in 0.8s[0m
[31merror[39m: day1/day1.worksheet.sc:1:13: 
Not found: Source
val lines = Source.fromFile("./input.txt").getLines.toList
            ^^^^^^
[0m2021.12.06 08:58:08 INFO  time: evaluated worksheet 'day1.worksheet.sc' in 0.19s[0m
[31merror[39m: day1/day1.worksheet.sc:1:13: 
Not found: Source
val lines = Source.fromFile("./input.txt").getLines.toList
            ^^^^^^
[0m2021.12.06 08:58:09 INFO  time: evaluated worksheet 'day1.worksheet.sc' in 0.23s[0m
[31merror[39m: day1/day1.worksheet.sc:1:13: 
Not found: Source
val lines = Source.fromFile("./input.txt").getLines.toList
            ^^^^^^
[0m2021.12.06 08:58:09 INFO  time: evaluated worksheet 'day1.worksheet.sc' in 0.24s[0m
[31merror[39m: day1/day1.worksheet.sc:1:13: 
Not found: Source
val lines = Source.fromFile("./input.txt").getLines.toList
            ^^^^^^
[31merror[39m: day1/day1.worksheet.sc:4:1: 
Not found: bufferedSource
bufferedSource.close
^^^^^^^^^^^^^^
[0m2021.12.06 08:59:00 INFO  time: evaluated worksheet 'day1.worksheet.sc' in 0.58s[0m
[31merror[39m: day1/day1.worksheet.sc:5:1: 
Not found: bufferedSource
bufferedSource.close
^^^^^^^^^^^^^^
[0m2021.12.06 08:59:02 INFO  time: evaluated worksheet 'day1.worksheet.sc' in 0.57s[0m
[31merror[39m: day1/day1.worksheet.sc:5:1: 
Not found: bufferedSource
bufferedSource.close
^^^^^^^^^^^^^^
[0m2021.12.06 08:59:12 INFO  time: evaluated worksheet 'day1.worksheet.sc' in 0.6s[0m
[31merror[39m: day1/day1.worksheet.sc:5:1: 
value close is not a member of List[String] - did you mean source.clone?
source.close
^^^^^^^^^^^^
[0m2021.12.06 08:59:14 INFO  time: evaluated worksheet 'day1.worksheet.sc' in 0.63s[0m
[31merror[39m: day1/day1.worksheet.sc:7:1: 
value close is not a member of List[String] - did you mean source.clone?
source.close
^^^^^^^^^^^^
[0m2021.12.06 08:59:17 INFO  time: evaluated worksheet 'day1.worksheet.sc' in 0.39s[0m
[0m2021.12.06 08:59:24 INFO  time: evaluated worksheet 'day1.worksheet.sc' in 1.91s[0m
[0m2021.12.06 08:59:26 INFO  time: evaluated worksheet 'day1.worksheet.sc' in 0.78s[0m
[0m2021.12.06 08:59:33 INFO  time: evaluated worksheet 'day1.worksheet.sc' in 0.91s[0m
[0m2021.12.06 08:59:39 INFO  time: evaluated worksheet 'day1.worksheet.sc' in 0.92s[0m
[0m2021.12.06 09:00:25 INFO  time: evaluated worksheet 'day1.worksheet.sc' in 0.58s[0m
[0m2021.12.06 09:00:32 INFO  time: evaluated worksheet 'day1.worksheet.sc' in 0.76s[0m
[0m2021.12.06 09:00:33 INFO  time: evaluated worksheet 'day1.worksheet.sc' in 0.61s[0m
[0m2021.12.06 09:00:44 INFO  time: evaluated worksheet 'day1.worksheet.sc' in 0.77s[0m
[0m2021.12.06 09:00:49 INFO  time: evaluated worksheet 'day1.worksheet.sc' in 0.9s[0m
[0m2021.12.06 09:01:08 INFO  time: evaluated worksheet 'day1.worksheet.sc' in 0.91s[0m
[0m2021.12.06 09:01:12 INFO  time: evaluated worksheet 'day1.worksheet.sc' in 0.69s[0m
[0m2021.12.06 09:01:19 INFO  time: evaluated worksheet 'day1.worksheet.sc' in 0.87s[0m
[31merror[39m: day1/day1.worksheet.sc:7:1: 
Not found: varlines
varlines.size
^^^^^^^^
[0m2021.12.06 09:02:03 INFO  time: evaluated worksheet 'day1.worksheet.sc' in 0.29s[0m
[0m2021.12.06 09:02:17 INFO  time: evaluated worksheet 'day1.worksheet.sc' in 1.05s[0m
[31merror[39m: day1/day1.worksheet.sc:9:1: identifier expected but end of file found

^
[0m2021.12.06 09:02:23 INFO  time: evaluated worksheet 'day1.worksheet.sc' in 0.98s[0m
[31merror[39m: day1/day1.worksheet.sc:7:1: 
postfix operator `fold` needs to be enabled
by making the implicit value scala.language.postfixOps visible.
----
This can be achieved by adding the import clause 'import scala.language.postfixOps'
or by setting the compiler option -language:postfixOps.
See the Scaladoc for value scala.language.postfixOps for a discussion
why the feature needs to be explicitly enabled.
lines fold
^^^^^
[0m2021.12.06 09:02:27 INFO  time: evaluated worksheet 'day1.worksheet.sc' in 0.27s[0m
[0m2021.12.06 09:02:34 INFO  time: evaluated worksheet 'day1.worksheet.sc' in 1.11s[0m
[0m2021.12.06 09:02:36 INFO  time: evaluated worksheet 'day1.worksheet.sc' in 0.76s[0m
[31merror[39m: day1/day1.worksheet.sc:7:27: ) expected but } found
lines foldRight(0){ (a, b }
                          ^
[0m2021.12.06 09:02:48 INFO  time: evaluated worksheet 'day1.worksheet.sc' in 0.44s[0m
[31merror[39m: day1/day1.worksheet.sc:7:17: 
expression does not take parameters
lines foldRight(0){ (a, b) => {
                ^
[0m2021.12.06 09:02:51 INFO  time: evaluated worksheet 'day1.worksheet.sc' in 0.33s[0m
[31merror[39m: day1/day1.worksheet.sc:7:17: 
expression does not take parameters
lines foldRight(0){ (a, b) => {
                ^
[0m2021.12.06 09:02:56 INFO  time: evaluated worksheet 'day1.worksheet.sc' in 1.4s[0m
[31merror[39m: day1/day1.worksheet.sc:7:21: ; expected but , found
lines foldRight(0){a, b => {
                    ^
[0m2021.12.06 09:03:02 INFO  time: evaluated worksheet 'day1.worksheet.sc' in 0.51s[0m
[31merror[39m: day1/day1.worksheet.sc:8:2: ) expected but } found
}}
 ^
[0m2021.12.06 09:03:07 INFO  time: evaluated worksheet 'day1.worksheet.sc' in 0.69s[0m
[31merror[39m: day1/day1.worksheet.sc:9:1: illegal start of simple expression
}}
^
[0m2021.12.06 09:03:16 INFO  time: evaluated worksheet 'day1.worksheet.sc' in 1.28s[0m
[31merror[39m: day1/day1.worksheet.sc:7:17: 
expression does not take parameters
lines foldRight(0){ (a, b) => {
                ^
[0m2021.12.06 09:05:30 INFO  time: evaluated worksheet 'day1.worksheet.sc' in 0.58s[0m
[31merror[39m: day1/day1.worksheet.sc:7:18: 
expression does not take parameters
lines foldRight (0) { (a, b) =>
                 ^
[0m2021.12.06 09:05:31 INFO  time: evaluated worksheet 'day1.worksheet.sc' in 0.36s[0m
[31merror[39m: day1/day1.worksheet.sc:7:13: 
expression does not take parameters
lines fold (0) { (a, b) =>
            ^
[0m2021.12.06 09:05:38 INFO  time: evaluated worksheet 'day1.worksheet.sc' in 0.29s[0m
[31merror[39m: day1/day1.worksheet.sc:7:17: 
expression does not take parameters
lines foldLeft (0) { (a, b) =>
                ^
[0m2021.12.06 09:05:39 INFO  time: evaluated worksheet 'day1.worksheet.sc' in 0.23s[0m
[31merror[39m: day1/day1.worksheet.sc:7:17: 
expression does not take parameters
lines foldLeft (0) { (a, b) => {
                ^
[0m2021.12.06 09:05:57 INFO  time: evaluated worksheet 'day1.worksheet.sc' in 0.24s[0m
[31merror[39m: day1/day1.worksheet.sc:7:17: 
expression does not take parameters
lines foldLeft (0) { (a, b) => {
                ^
[0m2021.12.06 09:06:00 INFO  time: evaluated worksheet 'day1.worksheet.sc' in 0.26s[0m
[31merror[39m: day1/day1.worksheet.sc:7:17: 
expression does not take parameters
lines foldLeft (0) { (a, b) => {
                ^
[0m2021.12.06 09:06:06 INFO  time: evaluated worksheet 'day1.worksheet.sc' in 0.2s[0m
[31merror[39m: day1/day1.worksheet.sc:7:17: 
expression does not take parameters
lines foldLeft (0) { (a, b) =>
                ^
[0m2021.12.06 09:06:08 INFO  time: evaluated worksheet 'day1.worksheet.sc' in 0.3s[0m
[31merror[39m: day1/day1.worksheet.sc:7:17: 
expression does not take parameters
lines foldLeft (0) { (a, b) => {
                ^
[0m2021.12.06 09:06:16 INFO  time: evaluated worksheet 'day1.worksheet.sc' in 0.27s[0m
[31merror[39m: day1/day1.worksheet.sc:7:17: 
expression does not take parameters
lines foldLeft (0) { (a, b) => {
                ^
[0m2021.12.06 09:06:30 INFO  time: evaluated worksheet 'day1.worksheet.sc' in 0.35s[0m
[31merror[39m: day1/day1.worksheet.sc:15:1: ) expected but end of file found

^
[0m2021.12.06 09:06:38 ERROR scalafmt: /Users/tackerson/Projects/advent-of-code/day1/day1.worksheet.sc:15: error: [dialect default] ) expected but end of file found

^[0m
[0m2021.12.06 09:06:38 INFO  time: evaluated worksheet 'day1.worksheet.sc' in 0.52s[0m
[31merror[39m: day1/day1.worksheet.sc:15:1: ) expected but end of file found

^
[0m2021.12.06 09:06:38 INFO  time: evaluated worksheet 'day1.worksheet.sc' in 0.35s[0m
[31merror[39m: day1/day1.worksheet.sc:7:23: 
Missing parameter type

I could not infer the type of the parameter a.
lines foldLeft (0, { (a, b) =>
                      ^
[31merror[39m: day1/day1.worksheet.sc:7:26: 
Missing parameter type

I could not infer the type of the parameter b.
lines foldLeft (0, { (a, b) =>
                         ^
[31merror[39m: day1/day1.worksheet.sc:9:15: 
object Double in package scala does not take parameters
    val num = Double(a)
              ^^^^^^
[31merror[39m: day1/day1.worksheet.sc:10:16: 
object Double in package scala does not take parameters
    val num2 = Double(b)
               ^^^^^^
[33mwarning[39m: day1/day1.worksheet.sc:12:7: 
A pure expression does nothing in statement position; you may be omitting necessary parentheses
      1
      ^
[0m2021.12.06 09:06:50 INFO  time: evaluated worksheet 'day1.worksheet.sc' in 0.51s[0m
[31merror[39m: day1/day1.worksheet.sc:7:25: identifier expected but , found
lines foldLeft (0, { (a:, b) =>
                        ^
[0m2021.12.06 09:06:58 INFO  time: evaluated worksheet 'day1.worksheet.sc' in 0.64s[0m
[31merror[39m: day1/day1.worksheet.sc:14:1: end of file expected but } found
})
^
[0m2021.12.06 09:07:01 INFO  time: evaluated worksheet 'day1.worksheet.sc' in 0.4s[0m
[31merror[39m: day1/day1.worksheet.sc:7:17: ; expected but , found
lines.fold(0)({a, b} => )
                ^
[0m2021.12.06 09:07:16 INFO  time: evaluated worksheet 'day1.worksheet.sc' in 0.34s[0m
[31merror[39m: day1/day1.worksheet.sc:7:17: ; expected but , found
lines.fold(0)({a, b} => {
                ^
[0m2021.12.06 09:07:20 INFO  time: evaluated worksheet 'day1.worksheet.sc' in 0.52s[0m
[31merror[39m: day1/day1.worksheet.sc:7:17: ; expected but , found
lines.fold(0)({a, b)} => {
                ^
[0m2021.12.06 09:07:37 INFO  time: evaluated worksheet 'day1.worksheet.sc' in 0.41s[0m
[31merror[39m: day1/day1.worksheet.sc:7:17: ; expected but , found
lines.fold(0)({a, b) => {
                ^
[0m2021.12.06 09:07:40 INFO  time: evaluated worksheet 'day1.worksheet.sc' in 0.61s[0m
[31merror[39m: day1/day1.worksheet.sc:7:21: ; expected but => found
lines.fold(0)(a, b) => {
                    ^^
[0m2021.12.06 09:07:43 INFO  time: evaluated worksheet 'day1.worksheet.sc' in 0.45s[0m
[0m2021.12.06 09:07:45 ERROR scalafmt: /Users/tackerson/Projects/advent-of-code/day1/day1.worksheet.sc:14: error: [dialect default] } expected but ) found
})
 ^[0m
[31merror[39m: day1/day1.worksheet.sc:14:2: } expected but ) found
})
 ^
[0m2021.12.06 09:07:45 INFO  time: evaluated worksheet 'day1.worksheet.sc' in 0.45s[0m
[31merror[39m: day1/day1.worksheet.sc:16:1: } expected but end of file found

^
[0m2021.12.06 09:07:50 INFO  time: evaluated worksheet 'day1.worksheet.sc' in 0.36s[0m
[31merror[39m: day1/day1.worksheet.sc:10:17: 
object Double in package scala does not take parameters
      val num = Double(a)
                ^^^^^^
[31merror[39m: day1/day1.worksheet.sc:11:18: 
object Double in package scala does not take parameters
      val num2 = Double(b)
                 ^^^^^^
[31merror[39m: day1/day1.worksheet.sc:12:11: 
value > is not a member of Matchable
      if (b > a)
          ^^^
[33mwarning[39m: day1/day1.worksheet.sc:13:9: 
A pure expression does nothing in statement position; you may be omitting necessary parentheses
        1
        ^
[0m2021.12.06 09:07:53 INFO  time: evaluated worksheet 'day1.worksheet.sc' in 0.48s[0m
[31merror[39m: day1/day1.worksheet.sc:10:17: 
object Double in package scala does not take parameters
      val num = Double(a)
                ^^^^^^
[31merror[39m: day1/day1.worksheet.sc:11:18: 
object Double in package scala does not take parameters
      val num2 = Double(b)
                 ^^^^^^
[31merror[39m: day1/day1.worksheet.sc:12:11: 
value > is not a member of Matchable
      if (b > a)
          ^^^
[33mwarning[39m: day1/day1.worksheet.sc:13:9: 
A pure expression does nothing in statement position; you may be omitting necessary parentheses
        1
        ^
[0m2021.12.06 09:08:04 INFO  time: evaluated worksheet 'day1.worksheet.sc' in 0.3s[0m
[0m2021.12.06 09:08:14 INFO  time: evaluated worksheet 'day1.worksheet.sc' in 1.09s[0m
[0m2021.12.06 09:08:18 INFO  time: evaluated worksheet 'day1.worksheet.sc' in 0.79s[0m
[0m2021.12.06 09:08:28 INFO  time: evaluated worksheet 'day1.worksheet.sc' in 0.76s[0m
[0m2021.12.06 09:08:53 INFO  time: evaluated worksheet 'day1.worksheet.sc' in 0.6s[0m
[31merror[39m: day1/day1.worksheet.sc:10:15: = expected but { found
lines.fold(0) { (a, b) =>
              ^
[0m2021.12.06 09:12:09 INFO  time: evaluated worksheet 'day1.worksheet.sc' in 0.52s[0m
[0m2021.12.06 09:12:13 INFO  time: evaluated worksheet 'day1.worksheet.sc' in 1.36s[0m
[31merror[39m: day1/day1.worksheet.sc:11:15: = expected but { found
lines.fold(0) { (a, b) =>
              ^
[0m2021.12.06 09:12:22 INFO  time: evaluated worksheet 'day1.worksheet.sc' in 0.41s[0m
[31merror[39m: day1/day1.worksheet.sc:10:1: = expected but \n\n found

^
[0m2021.12.06 09:12:26 INFO  time: evaluated worksheet 'day1.worksheet.sc' in 0.54s[0m
[0m2021.12.06 09:12:40 INFO  time: evaluated worksheet 'day1.worksheet.sc' in 0.58s[0m
[31merror[39m: day1/day1.worksheet.sc:8:11: match statement requires cases
var start = lines match { h :: t}
          ^
[0m2021.12.06 09:12:53 INFO  time: evaluated worksheet 'day1.worksheet.sc' in 0.55s[0m
[31merror[39m: day1/day1.worksheet.sc:8:16: = expected but ) found
var start, tail) = lines match { h :: t}
               ^
[0m2021.12.06 09:13:01 INFO  time: evaluated worksheet 'day1.worksheet.sc' in 0.53s[0m
[31merror[39m: day1/day1.worksheet.sc:8:19: match statement requires cases
var (start, tail) = lines match { h :: t}
                  ^
[0m2021.12.06 09:13:03 INFO  time: evaluated worksheet 'day1.worksheet.sc' in 0.54s[0m
[31merror[39m: day1/day1.worksheet.sc:8:27: ; expected but case found
var (start, tail) = lines case { h :: t}
                          ^^^^
[0m2021.12.06 09:13:15 INFO  time: evaluated worksheet 'day1.worksheet.sc' in 0.66s[0m
[0m2021.12.06 09:13:20 ERROR scalafmt: /Users/tackerson/Projects/advent-of-code/day1/day1.worksheet.sc:8: error: [dialect default] illegal start of simple pattern
var (start, tail) = lines { case { h :: t}}
                                 ^[0m
[31merror[39m: day1/day1.worksheet.sc:8:34: illegal start of simple pattern
var (start, tail) = lines { case { h :: t}}
                                 ^
[0m2021.12.06 09:13:20 INFO  time: evaluated worksheet 'day1.worksheet.sc' in 0.41s[0m
[0m2021.12.06 09:13:24 ERROR scalafmt: /Users/tackerson/Projects/advent-of-code/day1/day1.worksheet.sc:8: error: [dialect default] illegal start of simple pattern
var (start, tail) = lines match { case { h :: t}}
                                       ^[0m
[31merror[39m: day1/day1.worksheet.sc:8:40: illegal start of simple pattern
var (start, tail) = lines match { case { h :: t}}
                                       ^
[0m2021.12.06 09:13:25 INFO  time: evaluated worksheet 'day1.worksheet.sc' in 0.37s[0m
[0m2021.12.06 09:13:29 ERROR scalafmt: /Users/tackerson/Projects/advent-of-code/day1/day1.worksheet.sc:8: error: [dialect default] => expected but } found
var (start, tail) = lines match { case h :: t}
                                             ^[0m
[31merror[39m: day1/day1.worksheet.sc:8:46: => expected but } found
var (start, tail) = lines match { case h :: t}
                                             ^
[0m2021.12.06 09:13:30 INFO  time: evaluated worksheet 'day1.worksheet.sc' in 0.4s[0m
[0m2021.12.06 09:13:30 ERROR scalafmt: /Users/tackerson/Projects/advent-of-code/day1/day1.worksheet.sc:8: error: [dialect default] => expected but } found
var (start, tail) = lines match { case h :: t }
                                              ^[0m
[31merror[39m: day1/day1.worksheet.sc:8:47: => expected but } found
var (start, tail) = lines match { case h :: t }
                                              ^
[0m2021.12.06 09:13:30 INFO  time: evaluated worksheet 'day1.worksheet.sc' in 0.35s[0m
[31merror[39m: day1/day1.worksheet.sc:8:40: => expected but } found
var h :: t = lines match { case h :: t }
                                       ^
[0m2021.12.06 09:13:48 INFO  time: evaluated worksheet 'day1.worksheet.sc' in 0.75s[0m
[0m2021.12.06 09:13:50 INFO  time: evaluated worksheet 'day1.worksheet.sc' in 1.83s[0m
[0m2021.12.06 09:13:56 INFO  time: evaluated worksheet 'day1.worksheet.sc' in 0.59s[0m
[0m2021.12.06 09:14:15 INFO  time: evaluated worksheet 'day1.worksheet.sc' in 0.83s[0m
[31merror[39m: day1/day1.worksheet.sc:10:24: 
Found:    Unit
Required: ((String @uncheckedVariance, Int)) => Any
t.zipWithIndex.foreach {}
                       ^^
[0m2021.12.06 09:14:27 INFO  time: evaluated worksheet 'day1.worksheet.sc' in 0.49s[0m
[31merror[39m: day1/day1.worksheet.sc:10:39: identifier expected but ) found
t.zipWithIndex.foreach { case (value: )}}
                                      ^
[0m2021.12.06 09:14:36 INFO  time: evaluated worksheet 'day1.worksheet.sc' in 0.35s[0m
[31merror[39m: day1/day1.worksheet.sc:10:31: illegal start of simple pattern
t.zipWithIndex.foreach { case { value: )}}
                              ^
[0m2021.12.06 09:14:38 INFO  time: evaluated worksheet 'day1.worksheet.sc' in 0.22s[0m
[31merror[39m: day1/day1.worksheet.sc:10:31: illegal start of simple pattern
t.zipWithIndex.foreach { case { value: Int, idx: Int )}}
                              ^
[0m2021.12.06 09:14:50 INFO  time: evaluated worksheet 'day1.worksheet.sc' in 0.41s[0m
[31merror[39m: day1/day1.worksheet.sc:10:31: illegal start of simple pattern
t.zipWithIndex.foreach { case { value: Int, idx: Int } => }
                              ^
[0m2021.12.06 09:14:53 INFO  time: evaluated worksheet 'day1.worksheet.sc' in 0.36s[0m
[31merror[39m: day1/day1.worksheet.sc:10:31: illegal start of simple pattern
t.zipWithIndex.foreach { case { value: Int, idx: Int } => {
                              ^
[0m2021.12.06 09:14:57 INFO  time: evaluated worksheet 'day1.worksheet.sc' in 0.43s[0m
[31merror[39m: day1/day1.worksheet.sc:10:32: 
this case is unreachable since type String is not a subclass of class Integer
t.zipWithIndex.foreach { case (value: Int, idx: Int) => {} }
                               ^
[0m2021.12.06 09:15:04 INFO  time: evaluated worksheet 'day1.worksheet.sc' in 0.77s[0m
[0m2021.12.06 09:15:16 INFO  time: evaluated worksheet 'day1.worksheet.sc' in 0.59s[0m
[0m2021.12.06 09:15:25 INFO  time: evaluated worksheet 'day1.worksheet.sc' in 0.62s[0m
[0m2021.12.06 09:15:31 INFO  time: evaluated worksheet 'day1.worksheet.sc' in 0.57s[0m
[31merror[39m: day1/day1.worksheet.sc:5:13: 
missing argument for parameter f of method map in class List: (f: String => Any): List[Any]
val lines = source.getLines.toList.map()
            ^^^^^^^^^^^^^^^^^^^^^^^^^^^^
[31merror[39m: 
day1.worksheet.sc:23 (mdoc generated code) 
 Recursive value $1$ needs type
    var last :: t = lines


[0m2021.12.06 09:15:36 INFO  time: evaluated worksheet 'day1.worksheet.sc' in 0.25s[0m
[31merror[39m: day1/day1.worksheet.sc:5:40: 
value toI is not a member of String
val lines = source.getLines.toList.map(_.toI)
                                       ^^^^^
[31merror[39m: day1/day1.worksheet.sc:16:7: 
Found:    Unit
Required: Int
      println(s"a: $a, b: $b")
      ^^^^^^^^^^^^^^^^^^^^^^^^
[0m2021.12.06 09:15:40 INFO  time: evaluated worksheet 'day1.worksheet.sc' in 0.25s[0m
[31merror[39m: day1/day1.worksheet.sc:9:32: 
cannot test if value of type Double is a reference of class String
t.zipWithIndex.foreach { case (value: String, idx: Int) => {} }
                               ^^^^^^^^^^^^^
[0m2021.12.06 09:15:44 INFO  time: evaluated worksheet 'day1.worksheet.sc' in 0.81s[0m
[0m2021.12.06 09:15:46 INFO  time: evaluated worksheet 'day1.worksheet.sc' in 0.61s[0m
[31merror[39m: day1/day1.worksheet.sc:10:9: illegal start of simple expression
    if ()
        ^
[0m2021.12.06 09:15:54 INFO  time: evaluated worksheet 'day1.worksheet.sc' in 0.23s[0m
[31merror[39m: day1/day1.worksheet.sc:11:1: illegal start of simple expression
} }
^
[0m2021.12.06 09:16:01 INFO  time: evaluated worksheet 'day1.worksheet.sc' in 0.27s[0m
[31merror[39m: day1/day1.worksheet.sc:11:1: illegal start of simple expression
} }
^
[0m2021.12.06 09:16:06 INFO  time: evaluated worksheet 'day1.worksheet.sc' in 0.25s[0m
[31merror[39m: day1/day1.worksheet.sc:15:1: illegal start of simple expression
} }
^
[0m2021.12.06 09:16:19 INFO  time: evaluated worksheet 'day1.worksheet.sc' in 0.39s[0m
[0m2021.12.06 09:16:29 INFO  time: evaluated worksheet 'day1.worksheet.sc' in 1s[0m
[0m2021.12.06 09:16:35 INFO  time: evaluated worksheet 'day1.worksheet.sc' in 0.74s[0m
[0m2021.12.06 09:16:52 INFO  time: evaluated worksheet 'day1.worksheet.sc' in 0.92s[0m
[0m2021.12.06 09:16:55 INFO  time: evaluated worksheet 'day1.worksheet.sc' in 0.98s[0m
[31merror[39m: day1/day1.worksheet.sc:10:1: 
Not found: t
t.zipWithIndex.foreach {
^
[0m2021.12.06 09:17:05 INFO  time: evaluated worksheet 'day1.worksheet.sc' in 0.51s[0m
[31merror[39m: day1/day1.worksheet.sc:12:17: 
Not found: last
    if (value > last) {
                ^^^^
[31merror[39m: day1/day1.worksheet.sc:16:5: 
Not found: last
    last = value
    ^^^^
[0m2021.12.06 09:17:12 INFO  time: evaluated worksheet 'day1.worksheet.sc' in 0.57s[0m
[31merror[39m: day1/day1.worksheet.sc:13:17: 
Not found: last
    if (value > last) {
                ^^^^
[31merror[39m: day1/day1.worksheet.sc:17:5: 
Not found: last
    last = value
    ^^^^
[0m2021.12.06 09:17:13 INFO  time: evaluated worksheet 'day1.worksheet.sc' in 0.26s[0m
[31merror[39m: day1/day1.worksheet.sc:13:17: 
Not found: last
    if (value > last) {
                ^^^^
[31merror[39m: day1/day1.worksheet.sc:17:5: 
Not found: last
    last = value
    ^^^^
[0m2021.12.06 09:17:14 INFO  time: evaluated worksheet 'day1.worksheet.sc' in 0.48s[0m
[31merror[39m: day1/day1.worksheet.sc:13:17: 
Not found: last
    if (value > last) {
                ^^^^
[31merror[39m: day1/day1.worksheet.sc:19:5: 
Not found: last
    last = value
    ^^^^
[0m2021.12.06 09:17:21 INFO  time: evaluated worksheet 'day1.worksheet.sc' in 0.28s[0m
[31merror[39m: day1/day1.worksheet.sc:13:17: 
Not found: last
    if (value > last) {
                ^^^^
[31merror[39m: day1/day1.worksheet.sc:19:5: 
Not found: last
    last = value
    ^^^^
[0m2021.12.06 09:17:27 INFO  time: evaluated worksheet 'day1.worksheet.sc' in 0.38s[0m
[0m2021.12.06 09:17:29 INFO  time: evaluated worksheet 'day1.worksheet.sc' in 0.91s[0m
[0m2021.12.06 09:17:33 INFO  time: evaluated worksheet 'day1.worksheet.sc' in 0.86s[0m
[0m2021.12.06 09:17:46 INFO  time: evaluated worksheet 'day1.worksheet.sc' in 0.87s[0m
[0m2021.12.06 09:18:13 INFO  time: evaluated worksheet 'day1.worksheet.sc' in 0.84s[0m
[31merror[39m: day1/day1.worksheet.sc:12:8: 
cannot test if value of type Double is a reference of class Tuple2
  case (value: Double, idx: Int) => {
       ^^^^^^^^^^^^^^^^^^^^^^^^^
[0m2021.12.06 09:18:30 INFO  time: evaluated worksheet 'day1.worksheet.sc' in 0.67s[0m
[31merror[39m: day1/day1.worksheet.sc:12:23: ) expected but => found
  case (value: Double => {
                      ^^
[0m2021.12.06 09:18:34 INFO  time: evaluated worksheet 'day1.worksheet.sc' in 0.3s[0m
[31merror[39m: day1/day1.worksheet.sc:11:30: 
parentheses are required around the parameter of a lambda
This construct can be rewritten automatically under -rewrite -source 3.0-migration.
rest.foreach { value: Double =>
                             ^
[0m2021.12.06 09:18:37 INFO  time: evaluated worksheet 'day1.worksheet.sc' in 0.22s[0m
[31merror[39m: day1/day1.worksheet.sc:24:1: } expected but end of file found

^
[0m2021.12.06 09:18:44 INFO  time: evaluated worksheet 'day1.worksheet.sc' in 0.32s[0m
[31merror[39m: day1/day1.worksheet.sc:11:30: 
parentheses are required around the parameter of a lambda
This construct can be rewritten automatically under -rewrite -source 3.0-migration.
rest.foreach { value: Double =>
                             ^
[0m2021.12.06 09:18:46 INFO  time: evaluated worksheet 'day1.worksheet.sc' in 0.26s[0m
[31merror[39m: day1/day1.worksheet.sc:11:30: 
parentheses are required around the parameter of a lambda
This construct can be rewritten automatically under -rewrite -source 3.0-migration.
rest.foreach { value: Double => {
                             ^
[0m2021.12.06 09:18:54 INFO  time: evaluated worksheet 'day1.worksheet.sc' in 0.24s[0m
[31merror[39m: day1/day1.worksheet.sc:22:1: } expected but end of file found

^
[0m2021.12.06 09:18:58 INFO  time: evaluated worksheet 'day1.worksheet.sc' in 0.44s[0m
[31merror[39m: day1/day1.worksheet.sc:22:1: } expected but end of file found

^
[0m2021.12.06 09:19:00 INFO  time: evaluated worksheet 'day1.worksheet.sc' in 0.32s[0m
[31merror[39m: day1/day1.worksheet.sc:11:30: 
parentheses are required around the parameter of a lambda
This construct can be rewritten automatically under -rewrite -source 3.0-migration.
rest.foreach { value: Double =>
                             ^
[0m2021.12.06 09:19:03 INFO  time: evaluated worksheet 'day1.worksheet.sc' in 0.21s[0m
[0m2021.12.06 09:19:11 INFO  time: evaluated worksheet 'day1.worksheet.sc' in 0.74s[0m
[0m2021.12.06 09:19:13 INFO  time: evaluated worksheet 'day1.worksheet.sc' in 0.63s[0m
[0m2021.12.06 09:19:20 ERROR scalafmt: /Users/tackerson/Projects/advent-of-code/day1/day1.worksheet.sc:21: error: [dialect default] } expected but end of file found

^[0m
[31merror[39m: day1/day1.worksheet.sc:21:1: } expected but end of file found

^
[0m2021.12.06 09:19:21 INFO  time: evaluated worksheet 'day1.worksheet.sc' in 0.5s[0m
[0m2021.12.06 09:19:23 ERROR scalafmt: /Users/tackerson/Projects/advent-of-code/day1/day1.worksheet.sc:20: error: [dialect default] } expected but end of file found

^[0m
[31merror[39m: day1/day1.worksheet.sc:20:1: } expected but end of file found

^
[0m2021.12.06 09:19:23 INFO  time: evaluated worksheet 'day1.worksheet.sc' in 0.24s[0m
[0m2021.12.06 09:19:23 ERROR scalafmt: /Users/tackerson/Projects/advent-of-code/day1/day1.worksheet.sc:20: error: [dialect default] } expected but end of file found

^[0m
[31merror[39m: day1/day1.worksheet.sc:20:1: } expected but end of file found

^
[0m2021.12.06 09:19:23 INFO  time: evaluated worksheet 'day1.worksheet.sc' in 0.25s[0m
[0m2021.12.06 09:19:29 INFO  time: evaluated worksheet 'day1.worksheet.sc' in 0.56s[0m
[0m2021.12.06 09:20:54 INFO  time: evaluated worksheet 'day1.worksheet.sc' in 0.93s[0m
[0m2021.12.06 09:20:56 INFO  time: evaluated worksheet 'day1.worksheet.sc' in 0.65s[0m
[31merror[39m: day1/day1.worksheet.sc:4:3: 
value fromRE is not a member of object scala.io.Source - did you mean Source.fromURI?
  Source.fromRE("/Users/tackerson/Projects/advent-of-code/day1/input.txt")
  ^^^^^^^^^^^^^
[31merror[39m: 
day1.worksheet.sc:28 (mdoc generated code) 
 Recursive value $1$ needs type
    var start :: rest = lines


[0m2021.12.06 09:22:59 INFO  time: evaluated worksheet 'day1.worksheet.sc' in 0.22s[0m
[0m2021.12.06 09:23:04 INFO  time: evaluated worksheet 'day1.worksheet.sc' in 0.71s[0m
Dec 06, 2021 9:23:05 AM org.eclipse.lsp4j.jsonrpc.RemoteEndpoint handleCancellation
WARNING: Unmatched cancel notification for request id 3044
[0m2021.12.06 09:23:26 INFO  time: evaluated worksheet 'day1.worksheet.sc' in 1.16s[0m
[0m2021.12.06 09:23:30 INFO  time: evaluated worksheet 'day1.worksheet.sc' in 1.02s[0m
[0m2021.12.06 09:25:57 INFO  time: evaluated worksheet 'day1.worksheet.sc' in 0.54s[0m
[31merror[39m: day1/day1.worksheet.sc:3:13: 
Not found: type File
val f = new File(getClass.getClassLoader.getResource("movies.txt").getPath)
            ^^^^
[0m2021.12.06 09:26:36 INFO  time: evaluated worksheet 'day1.worksheet.sc' in 0.38s[0m
[0m2021.12.06 09:27:10 INFO  time: evaluated worksheet 'day1.worksheet.sc' in 0.59s[0m
[0m2021.12.06 09:27:14 INFO  time: evaluated worksheet 'day1.worksheet.sc' in 1.17s[0m
[0m2021.12.06 09:27:26 INFO  time: evaluated worksheet 'day1.worksheet.sc' in 0.61s[0m
[0m2021.12.06 09:27:36 INFO  time: evaluated worksheet 'day1.worksheet.sc' in 0.83s[0m
[0m2021.12.06 09:27:49 INFO  time: evaluated worksheet 'day1.worksheet.sc' in 0.62s[0m
[0m2021.12.06 09:28:42 INFO  no build target: using presentation compiler with only scala-library: 3.1.0[0m
[0m2021.12.06 09:28:42 INFO  time: evaluated worksheet 'day1.worksheet.sc' in 5.93s[0m
[0m2021.12.06 09:28:43 INFO  time: evaluated worksheet 'day1.worksheet.sc' in 1.18s[0m
[0m2021.12.06 09:28:46 INFO  time: evaluated worksheet 'day1.worksheet.sc' in 0.66s[0m
[0m2021.12.06 09:29:59 INFO  time: evaluated worksheet 'day1.worksheet.sc' in 1.34s[0m
[0m2021.12.06 09:30:01 INFO  time: evaluated worksheet 'day1.worksheet.sc' in 1.57s[0m
Dec 06, 2021 9:30:29 AM org.eclipse.lsp4j.jsonrpc.RemoteEndpoint handleNotification
WARNING: Notification threw an exception: {
  "jsonrpc": "2.0",
  "method": "workspace/didChangeWatchedFiles",
  "params": {
    "changes": [
      {
        "uri": "file:///Users/tackerson/Projects/advent-of-code/day1.worksheet.sc",
        "type": 3
      }
    ]
  }
}
java.lang.RuntimeException: java.lang.reflect.InvocationTargetException
	at org.eclipse.lsp4j.jsonrpc.services.GenericEndpoint.lambda$null$0(GenericEndpoint.java:67)
	at org.eclipse.lsp4j.jsonrpc.services.GenericEndpoint.notify(GenericEndpoint.java:152)
	at org.eclipse.lsp4j.jsonrpc.RemoteEndpoint.handleNotification(RemoteEndpoint.java:220)
	at org.eclipse.lsp4j.jsonrpc.RemoteEndpoint.consume(RemoteEndpoint.java:187)
	at org.eclipse.lsp4j.jsonrpc.json.StreamMessageProducer.handleMessage(StreamMessageProducer.java:194)
	at org.eclipse.lsp4j.jsonrpc.json.StreamMessageProducer.listen(StreamMessageProducer.java:94)
	at org.eclipse.lsp4j.jsonrpc.json.ConcurrentMessageProcessor.run(ConcurrentMessageProcessor.java:113)
	at java.base/java.util.concurrent.Executors$RunnableAdapter.call(Executors.java:515)
	at java.base/java.util.concurrent.FutureTask.run(FutureTask.java:264)
	at java.base/java.util.concurrent.ThreadPoolExecutor.runWorker(ThreadPoolExecutor.java:1128)
	at java.base/java.util.concurrent.ThreadPoolExecutor$Worker.run(ThreadPoolExecutor.java:628)
	at java.base/java.lang.Thread.run(Thread.java:834)
Caused by: java.lang.reflect.InvocationTargetException
	at java.base/jdk.internal.reflect.NativeMethodAccessorImpl.invoke0(Native Method)
	at java.base/jdk.internal.reflect.NativeMethodAccessorImpl.invoke(NativeMethodAccessorImpl.java:62)
	at java.base/jdk.internal.reflect.DelegatingMethodAccessorImpl.invoke(DelegatingMethodAccessorImpl.java:43)
	at java.base/java.lang.reflect.Method.invoke(Method.java:566)
	at org.eclipse.lsp4j.jsonrpc.services.GenericEndpoint.lambda$null$0(GenericEndpoint.java:65)
	... 11 more
Caused by: java.nio.file.NoSuchFileException: /Users/tackerson/Projects/advent-of-code/day1.worksheet.sc
	at java.base/sun.nio.fs.UnixException.translateToIOException(UnixException.java:92)
	at java.base/sun.nio.fs.UnixException.rethrowAsIOException(UnixException.java:111)
	at java.base/sun.nio.fs.UnixException.rethrowAsIOException(UnixException.java:116)
	at java.base/sun.nio.fs.UnixFileSystemProvider.newByteChannel(UnixFileSystemProvider.java:215)
	at java.base/java.nio.file.Files.newByteChannel(Files.java:370)
	at java.base/java.nio.file.Files.newByteChannel(Files.java:421)
	at java.base/java.nio.file.Files.readAllBytes(Files.java:3205)
	at scala.meta.internal.io.PlatformFileIO$.slurp(PlatformFileIO.scala:45)
	at scala.meta.internal.io.FileIO$.slurp(FileIO.scala:24)
	at scala.meta.internal.metals.MetalsLanguageServer.$anonfun$onChange$1(MetalsLanguageServer.scala:1338)
	at scala.meta.internal.metals.MetalsLanguageServer.$anonfun$onChange$1$adapted(MetalsLanguageServer.scala:1337)
	at scala.collection.immutable.Stream.foreach(Stream.scala:533)
	at scala.meta.internal.metals.MetalsLanguageServer.onChange(MetalsLanguageServer.scala:1337)
	at scala.meta.internal.metals.MetalsLanguageServer.didChangeWatchedFiles(MetalsLanguageServer.scala:1281)
	... 16 more

[0m2021.12.06 09:30:29 INFO  time: evaluated worksheet 'day1.worksheet.sc' in 0.79s[0m
[0m2021.12.06 09:31:11 INFO  time: evaluated worksheet 'day1.worksheet.sc' in 0.54s[0m
[0m2021.12.06 09:31:14 INFO  time: evaluated worksheet 'day1.worksheet.sc' in 0.79s[0m
[31merror[39m: day1/day1.worksheet.sc:4:37: 
Not found: dirinput
val source = Source.fromResource(s"$dirinput.txt")
                                    ^^^^^^^^
[0m2021.12.06 09:31:20 INFO  time: evaluated worksheet 'day1.worksheet.sc' in 0.23s[0m
[31merror[39m: day1/day1.worksheet.sc:4:37: 
Not found: dirinput
val source = Source.fromResource(s"$dirinput.txt")
                                    ^^^^^^^^
[0m2021.12.06 09:31:20 INFO  time: evaluated worksheet 'day1.worksheet.sc' in 0.27s[0m
[0m2021.12.06 09:31:23 INFO  time: evaluated worksheet 'day1.worksheet.sc' in 0.9s[0m
[0m2021.12.06 09:31:25 INFO  /Users/tackerson/Projects/advent-of-code/day1/day1.worksheet.sc:4:1: stale mdoc error: java.io.FileNotFoundException: resource '/Users/tackerson/Projects/advent-of-code input.txt' was not found in the classpath from the given classloader.
	at scala.io.Source$.fromResource(Source.scala:183)
	at repl.MdocSession$App.<init>(day1.worksheet.sc:14)
	at repl.MdocSession$.app(day1.worksheet.sc:3)

val source = Source.fromResource(s"$dir input.txt")
^^^^^^^^^^^^^^^^^^^^^^^^^^^^^^^^^^^^^^^^^^^^^^^^^^^[0m
[0m2021.12.06 09:31:25 INFO  /Users/tackerson/Projects/advent-of-code/day1/day1.worksheet.sc:4:1: stale mdoc error: java.io.FileNotFoundException: resource '/Users/tackerson/Projects/advent-of-code input.txt' was not found in the classpath from the given classloader.
	at scala.io.Source$.fromResource(Source.scala:183)
	at repl.MdocSession$App.<init>(day1.worksheet.sc:14)
	at repl.MdocSession$.app(day1.worksheet.sc:3)

val source = Source.fromResource(s"$dir input.txt")
^^^^^^^^^^^^^^^^^^^^^^^^^^^^^^^^^^^^^^^^^^^^^^^^^^^[0m
[0m2021.12.06 09:31:27 INFO  /Users/tackerson/Projects/advent-of-code/day1/day1.worksheet.sc:4:1: stale mdoc error: java.io.FileNotFoundException: resource '/Users/tackerson/Projects/advent-of-code input.txt' was not found in the classpath from the given classloader.
	at scala.io.Source$.fromResource(Source.scala:183)
	at repl.MdocSession$App.<init>(day1.worksheet.sc:14)
	at repl.MdocSession$.app(day1.worksheet.sc:3)

val source = Source.fromResource(s"$dir input.txt")
^^^^^^^^^^^^^^^^^^^^^^^^^^^^^^^^^^^^^^^^^^^^^^^^^^^[0m
[0m2021.12.06 09:31:27 INFO  /Users/tackerson/Projects/advent-of-code/day1/day1.worksheet.sc:4:1: stale mdoc error: java.io.FileNotFoundException: resource '/Users/tackerson/Projects/advent-of-code input.txt' was not found in the classpath from the given classloader.
	at scala.io.Source$.fromResource(Source.scala:183)
	at repl.MdocSession$App.<init>(day1.worksheet.sc:14)
	at repl.MdocSession$.app(day1.worksheet.sc:3)

val source = Source.fromResource(s"$dir input.txt")
^^^^^^^^^^^^^^^^^^^^^^^^^^^^^^^^^^^^^^^^^^^^^^^^^^^[0m
[0m2021.12.06 09:31:27 INFO  /Users/tackerson/Projects/advent-of-code/day1/day1.worksheet.sc:4:1: stale mdoc error: java.io.FileNotFoundException: resource '/Users/tackerson/Projects/advent-of-code input.txt' was not found in the classpath from the given classloader.
	at scala.io.Source$.fromResource(Source.scala:183)
	at repl.MdocSession$App.<init>(day1.worksheet.sc:14)
	at repl.MdocSession$.app(day1.worksheet.sc:3)

val source = Source.fromResource(s"$dir input.txt")
^^^^^^^^^^^^^^^^^^^^^^^^^^^^^^^^^^^^^^^^^^^^^^^^^^^[0m
[0m2021.12.06 09:31:27 INFO  /Users/tackerson/Projects/advent-of-code/day1/day1.worksheet.sc:4:1: stale mdoc error: java.io.FileNotFoundException: resource '/Users/tackerson/Projects/advent-of-code input.txt' was not found in the classpath from the given classloader.
	at scala.io.Source$.fromResource(Source.scala:183)
	at repl.MdocSession$App.<init>(day1.worksheet.sc:14)
	at repl.MdocSession$.app(day1.worksheet.sc:3)

val source = Source.fromResource(s"$dir input.txt")
^^^^^^^^^^^^^^^^^^^^^^^^^^^^^^^^^^^^^^^^^^^^^^^^^^^[0m
[31merror[39m: day1/day1.worksheet.sc:4:34: 
Not found: $dir
val source = Source.fromResource($dir + "input.txt")
                                 ^^^^
[0m2021.12.06 09:31:29 INFO  time: evaluated worksheet 'day1.worksheet.sc' in 0.28s[0m
[0m2021.12.06 09:31:32 INFO  time: evaluated worksheet 'day1.worksheet.sc' in 0.77s[0m
[0m2021.12.06 09:31:49 INFO  time: evaluated worksheet 'day1.worksheet.sc' in 0.67s[0m
[0m2021.12.06 09:32:03 INFO  time: evaluated worksheet 'day1.worksheet.sc' in 0.51s[0m
Dec 06, 2021 9:32:03 AM org.eclipse.lsp4j.jsonrpc.RemoteEndpoint handleCancellation
WARNING: Unmatched cancel notification for request id 3464
[0m2021.12.06 09:32:26 INFO  time: evaluated worksheet 'day1.worksheet.sc' in 2.56s[0m
[0m2021.12.06 09:32:30 INFO  time: evaluated worksheet 'day1.worksheet.sc' in 1.18s[0m
[0m2021.12.06 09:32:33 INFO  time: evaluated worksheet 'day1.worksheet.sc' in 1.26s[0m
[0m2021.12.06 09:33:23 INFO  time: evaluated worksheet 'day1.worksheet.sc' in 0.69s[0m
[31merror[39m: day1/day1.worksheet.sc:4:1: illegal start of simple expression
val source = Source.fromFile(System.getProperty("user.dir") + "/day1/input.txt")
^^^
[0m2021.12.06 09:33:35 INFO  time: evaluated worksheet 'day1.worksheet.sc' in 0.29s[0m
[0m2021.12.06 09:33:36 INFO  time: evaluated worksheet 'day1.worksheet.sc' in 0.66s[0m
[0m2021.12.06 09:33:46 INFO  time: evaluated worksheet 'day1.worksheet.sc' in 0.59s[0m
[0m2021.12.06 09:38:18 INFO  no build target: using presentation compiler with only scala-library: 3.1.0[0m
[0m2021.12.06 09:38:18 INFO  time: evaluated worksheet 'advent.worksheet.sc' in 7.19s[0m
[0m2021.12.06 09:38:22 INFO  no build target: using presentation compiler with only scala-library: 3.1.0[0m
[0m2021.12.06 09:38:22 INFO  time: evaluated worksheet 'advent.worksheet.sc' in 3.53s[0m
[0m2021.12.06 09:38:41 INFO  time: evaluated worksheet 'advent.worksheet.sc' in 1.5s[0m
[0m2021.12.06 09:38:54 INFO  time: evaluated worksheet 'advent.worksheet.sc' in 0.52s[0m
[0m2021.12.06 09:39:39 INFO  time: evaluated worksheet 'advent.worksheet.sc' in 0.5s[0m
[0m2021.12.06 09:39:48 INFO  time: evaluated worksheet 'advent.worksheet.sc' in 0.86s[0m
[0m2021.12.06 09:39:53 INFO  time: evaluated worksheet 'advent.worksheet.sc' in 0.52s[0m
[31merror[39m: advent.worksheet.sc:13:11: <- expected but \n found
for (star)
          ^
[0m2021.12.06 09:39:57 INFO  time: evaluated worksheet 'advent.worksheet.sc' in 0.21s[0m
[31merror[39m: advent.worksheet.sc:13:7: <- expected but \n found
for ()
      ^
[0m2021.12.06 09:40:06 INFO  time: evaluated worksheet 'advent.worksheet.sc' in 0.18s[0m
[31merror[39m: advent.worksheet.sc:13:16: illegal start of simple pattern
for (startIdx -)
               ^
[0m2021.12.06 09:40:14 INFO  time: evaluated worksheet 'advent.worksheet.sc' in 0.24s[0m
[0m2021.12.06 09:40:35 INFO  time: evaluated worksheet 'advent.worksheet.sc' in 0.7s[0m
[0m2021.12.06 09:40:38 INFO  time: evaluated worksheet 'advent.worksheet.sc' in 0.82s[0m
[0m2021.12.06 09:40:50 INFO  time: evaluated worksheet 'advent.worksheet.sc' in 0.64s[0m
[0m2021.12.06 09:40:56 INFO  time: evaluated worksheet 'advent.worksheet.sc' in 0.63s[0m
[0m2021.12.06 09:41:26 INFO  time: evaluated worksheet 'advent.worksheet.sc' in 0.56s[0m
[31merror[39m: advent.worksheet.sc:14:21: 
Found:    (App.this.start : Double)
Required: Int
  val chunk = lines(start)
                    ^^^^^
[0m2021.12.06 09:41:46 INFO  time: evaluated worksheet 'advent.worksheet.sc' in 0.23s[0m
[0m2021.12.06 09:41:57 INFO  time: evaluated worksheet 'advent.worksheet.sc' in 0.92s[0m
[0m2021.12.06 09:42:03 INFO  time: evaluated worksheet 'advent.worksheet.sc' in 0.76s[0m
[31merror[39m: advent.worksheet.sc:14:23: ) expected but = found
  val (chunk1: Double = lines(idx)
                      ^
[0m2021.12.06 09:42:09 INFO  time: evaluated worksheet 'advent.worksheet.sc' in 0.4s[0m
[31merror[39m: advent.worksheet.sc:14:7: 
cannot test if value of type Double is a reference of class Tuple3
  val (num1, num2, num3) = lines(idx)
      ^^^^^^^^^^^^^^^^^^
[0m2021.12.06 09:42:21 INFO  time: evaluated worksheet 'advent.worksheet.sc' in 0.55s[0m
[31merror[39m: advent.worksheet.sc:14:7: 
cannot test if value of type Double is a reference of class Tuple3
  val (num1, num2, num3) = lines(idx)
      ^^^^^^^^^^^^^^^^^^
[0m2021.12.06 09:42:31 INFO  time: evaluated worksheet 'advent.worksheet.sc' in 0.49s[0m
[0m2021.12.06 09:42:48 INFO  time: evaluated worksheet 'advent.worksheet.sc' in 0.93s[0m
[31merror[39m: advent.worksheet.sc:23:1: illegal start of simple expression
}
^
[0m2021.12.06 09:42:57 INFO  time: evaluated worksheet 'advent.worksheet.sc' in 0.31s[0m
[31merror[39m: advent.worksheet.sc:23:1: illegal start of simple expression
}
^
[0m2021.12.06 09:43:06 INFO  time: evaluated worksheet 'advent.worksheet.sc' in 0.21s[0m
[31merror[39m: advent.worksheet.sc:23:1: identifier expected but } found
}
^
[0m2021.12.06 09:43:11 INFO  time: evaluated worksheet 'advent.worksheet.sc' in 0.27s[0m
[0m2021.12.06 09:43:27 INFO  time: evaluated worksheet 'advent.worksheet.sc' in 0.91s[0m
[0m2021.12.06 09:43:31 INFO  time: evaluated worksheet 'advent.worksheet.sc' in 1.14s[0m
[0m2021.12.06 09:43:41 INFO  time: evaluated worksheet 'advent.worksheet.sc' in 0.62s[0m
[33mwarning[39m: advent.worksheet.sc:17:9: 
method + in class Double is deprecated since 2.13.0: Adding a number and a String is deprecated. Use the string interpolation `s"$num$str"`
  print(chunkTotal + ". ")
        ^^^^^^^^^^^^
[0m2021.12.06 09:43:54 INFO  time: evaluated worksheet 'advent.worksheet.sc' in 0.64s[0m
[33mwarning[39m: advent.worksheet.sc:18:9: 
method + in class Double is deprecated since 2.13.0: Adding a number and a String is deprecated. Use the string interpolation `s"$num$str"`
  print(chunkTotal + ". ")
        ^^^^^^^^^^^^
[0m2021.12.06 09:44:17 INFO  time: evaluated worksheet 'advent.worksheet.sc' in 1.12s[0m
[31merror[39m: advent.worksheet.sc:13:30: 
Not found: idx
val chunkValues = List(lines(idx - 2), lines(idx - 1), lines(idx))
                             ^^^
[31merror[39m: advent.worksheet.sc:13:46: 
Not found: idx
val chunkValues = List(lines(idx - 2), lines(idx - 1), lines(idx))
                                             ^^^
[31merror[39m: advent.worksheet.sc:13:62: 
Not found: idx
val chunkValues = List(lines(idx - 2), lines(idx - 1), lines(idx))
                                                             ^^^
[0m2021.12.06 09:44:29 INFO  time: evaluated worksheet 'advent.worksheet.sc' in 0.49s[0m
[31merror[39m: advent.worksheet.sc:13:35: 
Not found: idx
val firstChunkValues = List(lines(idx - 2), lines(idx - 1), lines(idx))
                                  ^^^
[31merror[39m: advent.worksheet.sc:13:51: 
Not found: idx
val firstChunkValues = List(lines(idx - 2), lines(idx - 1), lines(idx))
                                                  ^^^
[31merror[39m: advent.worksheet.sc:13:67: 
Not found: idx
val firstChunkValues = List(lines(idx - 2), lines(idx - 1), lines(idx))
                                                                  ^^^
[31merror[39m: advent.worksheet.sc:14:18: 
Not found: chunkValues
val chunkTotal = chunkValues.sum
                 ^^^^^^^^^^^
[0m2021.12.06 09:44:35 INFO  time: evaluated worksheet 'advent.worksheet.sc' in 0.4s[0m
[31merror[39m: advent.worksheet.sc:13:45: 
Not found: idx
val firstChunkValues = List(lines(0), lines(idx - 1), lines(idx))
                                            ^^^
[31merror[39m: advent.worksheet.sc:13:61: 
Not found: idx
val firstChunkValues = List(lines(0), lines(idx - 1), lines(idx))
                                                            ^^^
[31merror[39m: advent.worksheet.sc:14:18: 
Not found: chunkValues
val chunkTotal = chunkValues.sum
                 ^^^^^^^^^^^
[0m2021.12.06 09:44:44 INFO  time: evaluated worksheet 'advent.worksheet.sc' in 0.21s[0m
[31merror[39m: advent.worksheet.sc:13:24: 
Not found: list
val firstChunkValues = list.take(3).sum
                       ^^^^
[31merror[39m: advent.worksheet.sc:14:18: 
Not found: chunkValues
val chunkTotal = chunkValues.sum
                 ^^^^^^^^^^^
[0m2021.12.06 09:44:51 INFO  time: evaluated worksheet 'advent.worksheet.sc' in 0.2s[0m
[31merror[39m: advent.worksheet.sc:13:24: 
Not found: list
val firstChunkValues = list.take(3).sum
                       ^^^^
[0m2021.12.06 09:44:54 INFO  time: evaluated worksheet 'advent.worksheet.sc' in 0.27s[0m
[33mwarning[39m: advent.worksheet.sc:20:9: 
method + in class Double is deprecated since 2.13.0: Adding a number and a String is deprecated. Use the string interpolation `s"$num$str"`
  print(chunkTotal + ". ")
        ^^^^^^^^^^^^
[0m2021.12.06 09:44:58 INFO  time: evaluated worksheet 'advent.worksheet.sc' in 0.98s[0m
[33mwarning[39m: advent.worksheet.sc:19:9: 
method + in class Double is deprecated since 2.13.0: Adding a number and a String is deprecated. Use the string interpolation `s"$num$str"`
  print(chunkTotal + ". ")
        ^^^^^^^^^^^^
[0m2021.12.06 09:45:11 INFO  time: evaluated worksheet 'advent.worksheet.sc' in 0.73s[0m
[33mwarning[39m: advent.worksheet.sc:19:9: 
method + in class Double is deprecated since 2.13.0: Adding a number and a String is deprecated. Use the string interpolation `s"$num$str"`
  print(chunkTotal + ". ")
        ^^^^^^^^^^^^
[0m2021.12.06 09:45:15 INFO  time: evaluated worksheet 'advent.worksheet.sc' in 0.74s[0m
[33mwarning[39m: advent.worksheet.sc:19:9: 
method + in class Double is deprecated since 2.13.0: Adding a number and a String is deprecated. Use the string interpolation `s"$num$str"`
  print(chunkTotal + ". ")
        ^^^^^^^^^^^^
[0m2021.12.06 09:45:34 INFO  time: evaluated worksheet 'advent.worksheet.sc' in 0.67s[0m
[33mwarning[39m: advent.worksheet.sc:19:9: 
method + in class Double is deprecated since 2.13.0: Adding a number and a String is deprecated. Use the string interpolation `s"$num$str"`
  print(chunkTotal + ". ")
        ^^^^^^^^^^^^
[0m2021.12.06 09:45:41 INFO  time: evaluated worksheet 'advent.worksheet.sc' in 0.56s[0m
[33mwarning[39m: advent.worksheet.sc:19:9: 
method + in class Double is deprecated since 2.13.0: Adding a number and a String is deprecated. Use the string interpolation `s"$num$str"`
  print(chunkTotal + ". ")
        ^^^^^^^^^^^^
[0m2021.12.06 09:45:44 INFO  time: evaluated worksheet 'advent.worksheet.sc' in 0.54s[0m
[33mwarning[39m: advent.worksheet.sc:19:9: 
method + in class Double is deprecated since 2.13.0: Adding a number and a String is deprecated. Use the string interpolation `s"$num$str"`
  print(chunkTotal + ". ")
        ^^^^^^^^^^^^
[0m2021.12.06 09:46:00 INFO  time: evaluated worksheet 'advent.worksheet.sc' in 0.75s[0m
[33mwarning[39m: advent.worksheet.sc:19:9: 
method + in class Double is deprecated since 2.13.0: Adding a number and a String is deprecated. Use the string interpolation `s"$num$str"`
  print(chunkTotal + ". ")
        ^^^^^^^^^^^^
[0m2021.12.06 09:46:18 INFO  time: evaluated worksheet 'advent.worksheet.sc' in 0.7s[0m
[33mwarning[39m: advent.worksheet.sc:19:9: 
method + in class Double is deprecated since 2.13.0: Adding a number and a String is deprecated. Use the string interpolation `s"$num$str"`
  print(chunkTotal + ". ")
        ^^^^^^^^^^^^
[0m2021.12.06 09:46:23 INFO  time: evaluated worksheet 'advent.worksheet.sc' in 0.7s[0m
[33mwarning[39m: advent.worksheet.sc:19:9: 
method + in class Double is deprecated since 2.13.0: Adding a number and a String is deprecated. Use the string interpolation `s"$num$str"`
  print(chunkTotal + ". ")
        ^^^^^^^^^^^^
[0m2021.12.06 09:46:26 INFO  time: evaluated worksheet 'advent.worksheet.sc' in 0.62s[0m
[33mwarning[39m: advent.worksheet.sc:19:9: 
method + in class Double is deprecated since 2.13.0: Adding a number and a String is deprecated. Use the string interpolation `s"$num$str"`
  print(chunkTotal + ". ")
        ^^^^^^^^^^^^
[0m2021.12.06 09:46:29 INFO  time: evaluated worksheet 'advent.worksheet.sc' in 0.76s[0m
[31merror[39m: advent.worksheet.sc:27:1: illegal start of simple expression
}
^
[0m2021.12.06 09:46:42 INFO  time: evaluated worksheet 'advent.worksheet.sc' in 0.21s[0m
[0m2021.12.06 09:47:00 INFO  time: evaluated worksheet 'advent.worksheet.sc' in 0.97s[0m
[31merror[39m: advent.worksheet.sc:22:3: 
Reassignment to val lastChunkTotal
  lastChunkTotal = chunkTotal
  ^^^^^^^^^^^^^^^^^^^^^^^^^^^
[0m2021.12.06 09:47:09 INFO  time: evaluated worksheet 'advent.worksheet.sc' in 0.2s[0m
[0m2021.12.06 09:47:16 INFO  time: evaluated worksheet 'advent.worksheet.sc' in 0.84s[0m
[31merror[39m: advent.worksheet.sc:14:13: 
Not found: startIdx
for (idx <- startIdx to lines.length - 3) {
            ^^^^^^^^
[0m2021.12.06 09:47:24 INFO  time: evaluated worksheet 'advent.worksheet.sc' in 0.25s[0m
[31merror[39m: advent.worksheet.sc:13:13: 
Not found: startIdx
for (idx <- startIdx to lines.length - 3) {
            ^^^^^^^^
[0m2021.12.06 09:47:26 INFO  time: evaluated worksheet 'advent.worksheet.sc' in 0.22s[0m
[31merror[39m: advent.worksheet.sc:12:13: 
Not found: startIdx
for (idx <- startIdx to lines.length - 3) {
            ^^^^^^^^
[0m2021.12.06 09:47:34 INFO  time: evaluated worksheet 'advent.worksheet.sc' in 0.25s[0m
[0m2021.12.06 09:47:38 INFO  time: evaluated worksheet 'advent.worksheet.sc' in 0.57s[0m
[0m2021.12.06 09:47:41 INFO  time: evaluated worksheet 'advent.worksheet.sc' in 0.48s[0m
[0m2021.12.06 09:47:41 INFO  time: evaluated worksheet 'advent.worksheet.sc' in 0.59s[0m
[0m2021.12.06 09:48:24 INFO  time: evaluated worksheet 'advent.worksheet.sc' in 0.64s[0m
[0m2021.12.06 09:48:31 INFO  time: evaluated worksheet 'advent.worksheet.sc' in 0.69s[0m
[0m2021.12.06 09:48:37 INFO  time: evaluated worksheet 'advent.worksheet.sc' in 0.55s[0m
[0m2021.12.06 09:49:12 INFO  time: evaluated worksheet 'advent.worksheet.sc' in 0.62s[0m
[0m2021.12.06 09:49:21 INFO  time: evaluated worksheet 'advent.worksheet.sc' in 0.54s[0m
[0m2021.12.06 09:49:42 INFO  time: evaluated worksheet 'advent.worksheet.sc' in 0.55s[0m
Dec 06, 2021 9:51:09 AM org.eclipse.lsp4j.jsonrpc.RemoteEndpoint handleNotification
WARNING: Notification threw an exception: {
  "jsonrpc": "2.0",
  "method": "workspace/didChangeWatchedFiles",
  "params": {
    "changes": [
      {
        "uri": "file:///Users/tackerson/Projects/advent-of-code/advent.worksheet.sc",
        "type": 3
      }
    ]
  }
}
java.lang.RuntimeException: java.lang.reflect.InvocationTargetException
	at org.eclipse.lsp4j.jsonrpc.services.GenericEndpoint.lambda$null$0(GenericEndpoint.java:67)
	at org.eclipse.lsp4j.jsonrpc.services.GenericEndpoint.notify(GenericEndpoint.java:152)
	at org.eclipse.lsp4j.jsonrpc.RemoteEndpoint.handleNotification(RemoteEndpoint.java:220)
	at org.eclipse.lsp4j.jsonrpc.RemoteEndpoint.consume(RemoteEndpoint.java:187)
	at org.eclipse.lsp4j.jsonrpc.json.StreamMessageProducer.handleMessage(StreamMessageProducer.java:194)
	at org.eclipse.lsp4j.jsonrpc.json.StreamMessageProducer.listen(StreamMessageProducer.java:94)
	at org.eclipse.lsp4j.jsonrpc.json.ConcurrentMessageProcessor.run(ConcurrentMessageProcessor.java:113)
	at java.base/java.util.concurrent.Executors$RunnableAdapter.call(Executors.java:515)
	at java.base/java.util.concurrent.FutureTask.run(FutureTask.java:264)
	at java.base/java.util.concurrent.ThreadPoolExecutor.runWorker(ThreadPoolExecutor.java:1128)
	at java.base/java.util.concurrent.ThreadPoolExecutor$Worker.run(ThreadPoolExecutor.java:628)
	at java.base/java.lang.Thread.run(Thread.java:834)
Caused by: java.lang.reflect.InvocationTargetException
	at jdk.internal.reflect.GeneratedMethodAccessor34.invoke(Unknown Source)
	at java.base/jdk.internal.reflect.DelegatingMethodAccessorImpl.invoke(DelegatingMethodAccessorImpl.java:43)
	at java.base/java.lang.reflect.Method.invoke(Method.java:566)
	at org.eclipse.lsp4j.jsonrpc.services.GenericEndpoint.lambda$null$0(GenericEndpoint.java:65)
	... 11 more
Caused by: java.nio.file.NoSuchFileException: /Users/tackerson/Projects/advent-of-code/advent.worksheet.sc
	at java.base/sun.nio.fs.UnixException.translateToIOException(UnixException.java:92)
	at java.base/sun.nio.fs.UnixException.rethrowAsIOException(UnixException.java:111)
	at java.base/sun.nio.fs.UnixException.rethrowAsIOException(UnixException.java:116)
	at java.base/sun.nio.fs.UnixFileSystemProvider.newByteChannel(UnixFileSystemProvider.java:215)
	at java.base/java.nio.file.Files.newByteChannel(Files.java:370)
	at java.base/java.nio.file.Files.newByteChannel(Files.java:421)
	at java.base/java.nio.file.Files.readAllBytes(Files.java:3205)
	at scala.meta.internal.io.PlatformFileIO$.slurp(PlatformFileIO.scala:45)
	at scala.meta.internal.io.FileIO$.slurp(FileIO.scala:24)
	at scala.meta.internal.metals.MetalsLanguageServer.$anonfun$onChange$1(MetalsLanguageServer.scala:1338)
	at scala.meta.internal.metals.MetalsLanguageServer.$anonfun$onChange$1$adapted(MetalsLanguageServer.scala:1337)
	at scala.collection.immutable.Stream.foreach(Stream.scala:533)
	at scala.meta.internal.metals.MetalsLanguageServer.onChange(MetalsLanguageServer.scala:1337)
	at scala.meta.internal.metals.MetalsLanguageServer.didChangeWatchedFiles(MetalsLanguageServer.scala:1281)
	... 15 more

[0m2021.12.06 09:51:10 INFO  time: evaluated worksheet 'advent.worksheet.sc' in 1.05s[0m
[0m2021.12.06 09:51:19 INFO  time: evaluated worksheet 'advent.worksheet.sc' in 0.59s[0m
